Arguments: 
  /home/arturo/.nvm/versions/node/v16.20.2/bin/node /home/arturo/.nvm/versions/node/v16.20.2/bin/yarn

PATH: 
  /tmp/yarn--1704213235413-0.5218331546709865:/home/arturo/.config/yarn/global/node_modules/.bin:/home/arturo/.config/yarn/link/node_modules/.bin:/home/arturo/.yarn/bin:/home/arturo/.nvm/versions/node/v16.20.2/libexec/lib/node_modules/npm/bin/node-gyp-bin:/home/arturo/.nvm/versions/node/v16.20.2/lib/node_modules/npm/bin/node-gyp-bin:/home/arturo/.nvm/versions/node/v16.20.2/bin/node_modules/npm/bin/node-gyp-bin:/home/arturo/.bun/bin:/home/arturo/.nvm/versions/node/v16.20.2/bin:/usr/local/sbin:/usr/local/bin:/usr/sbin:/usr/bin:/sbin:/bin:/usr/games:/usr/local/games:/snap/bin:/snap/bin

Yarn version: 
  1.22.19

Node version: 
  16.20.2

Platform: 
  linux x64

Trace: 
  Error: getaddrinfo EAI_AGAIN registry.yarnpkg.com
      at GetAddrInfoReqWrap.onlookup [as oncomplete] (node:dns:109:26)

npm manifest: 
  {
    "name": "fishing-guide",
    "version": "0.0.0",
    "scripts": {
      "dev": "node --no-warnings ./node_modules/.bin/vite",
      "build": "vue-tsc --noEmit && vite build",
      "preview": "vite preview",
      "lint": "eslint . --fix --ignore-path .gitignore"
    },
    "dependencies": {
      "@mdi/font": "7.0.96",
      "core-js": "^3.34.0",
      "roboto-fontface": "*",
      "vue": "^3.3.0",
      "vuetify": "^3.0.0"
    },
    "devDependencies": {
      "@babel/types": "^7.23.0",
      "@types/node": "^20.10.0",
      "@vitejs/plugin-vue": "^4.5.0",
      "@vue/eslint-config-typescript": "^12.0.0",
      "eslint": "^8.56.0",
      "eslint-config-standard": "^17.1.0",
      "eslint-plugin-import": "^2.29.0",
      "eslint-plugin-n": "^16.4.0",
      "eslint-plugin-node": "^11.1.0",
      "eslint-plugin-promise": "^6.1.1",
      "eslint-plugin-vue": "^9.19.0",
      "sass": "^1.69.0",
      "typescript": "^5.3.0",
      "unplugin-fonts": "^1.1.0",
      "unplugin-vue-components": "^0.26.0",
      "unplugin-vue-router": "^0.7.0",
      "vite": "^5.0.0",
      "vite-plugin-vuetify": "^2.0.0",
      "vue-router": "^4.2.0",
      "vue-tsc": "^1.8.0"
    }
  }

yarn manifest: 
  No manifest

Lockfile: 
  No lockfile
